app/build/outputs/logs/manifest-merger-release-report.txt
-- Merging decision tree log ---
manifest
ADDED from AndroidManifest.xml:2:1
	package
		ADDED from AndroidManifest.xml:3:5
		INJECTED from AndroidManifest.xml:0:0
		INJECTED from AndroidManifest.xml:0:0
	android:versionName
		ADDED from AndroidManifest.xml:6:5
	android:versionCode
		ADDED from AndroidManifest.xml:5:5
		INJECTED from AndroidManifest.xml:0:0
		INJECTED from AndroidManifest.xml:0:0
	xmlns:android
		ADDED from AndroidManifest.xml:4:5
uses-sdk
ADDED from AndroidManifest.xml:8:5
	android:targetSdkVersion
		ADDED from AndroidManifest.xml:10:9
		INJECTED from AndroidManifest.xml:0:0
		INJECTED from AndroidManifest.xml:0:0
	android:minSdkVersion
		ADDED from AndroidManifest.xml:9:9
		INJECTED from AndroidManifest.xml:0:0
		INJECTED from AndroidManifest.xml:0:0
uses-permission#android.permission.CAMERA
ADDED from AndroidManifest.xml:12:5
	android:name
		ADDED from AndroidManifest.xml:12:22
uses-permission#android.permission.FLASHLIGHT
ADDED from AndroidManifest.xml:13:5
	android:name
		ADDED from AndroidManifest.xml:13:22
uses-permission#android.permission.CHANGE_CONFIGURATION
ADDED from AndroidManifest.xml:14:5
	android:name
		ADDED from AndroidManifest.xml:14:22
uses-permission#android.permission.ACCESS_COARSE_LOCATION
ADDED from AndroidManifest.xml:17:5
	android:name
		ADDED from AndroidManifest.xml:17:22
uses-permission#android.permission.ACCESS_FINE_LOCATION
ADDED from AndroidManifest.xml:19:5
	android:name
		ADDED from AndroidManifest.xml:19:22
uses-permission#android.permission.ACCESS_WIFI_STATE
ADDED from AndroidManifest.xml:21:5
	android:name
		ADDED from AndroidManifest.xml:21:22
uses-permission#android.permission.ACCESS_NETWORK_STATE
ADDED from AndroidManifest.xml:23:5
	android:name
		ADDED from AndroidManifest.xml:23:22
uses-permission#android.permission.CHANGE_WIFI_STATE
ADDED from AndroidManifest.xml:25:5
	android:name
		ADDED from AndroidManifest.xml:25:22
uses-permission#android.permission.READ_PHONE_STATE
ADDED from AndroidManifest.xml:27:5
	android:name
		ADDED from AndroidManifest.xml:27:22
uses-permission#android.permission.WRITE_EXTERNAL_STORAGE
ADDED from AndroidManifest.xml:29:5
	android:name
		ADDED from AndroidManifest.xml:29:22
uses-permission#android.permission.INTERNET
ADDED from AndroidManifest.xml:31:5
	android:name
		ADDED from AndroidManifest.xml:31:22
uses-permission#android.permission.MOUNT_UNMOUNT_FILESYSTEMS
ADDED from AndroidManifest.xml:33:5
	android:name
		ADDED from AndroidManifest.xml:33:22
uses-permission#android.permission.READ_LOGS
ADDED from AndroidManifest.xml:35:5
	android:name
		ADDED from AndroidManifest.xml:35:22
uses-permission#android.permission.GET_ACCOUNTS
ADDED from AndroidManifest.xml:37:5
	android:name
		ADDED from AndroidManifest.xml:37:22
uses-permission#android.permission.USE_CREDENTIALS
ADDED from AndroidManifest.xml:38:5
	android:name
		ADDED from AndroidManifest.xml:38:22
uses-permission#android.permission.MANAGE_ACCOUNTS
ADDED from AndroidManifest.xml:39:5
	android:name
		ADDED from AndroidManifest.xml:39:22
uses-permission#android.permission.AUTHENTICATE_ACCOUNTS
ADDED from AndroidManifest.xml:40:5
	android:name
		ADDED from AndroidManifest.xml:40:22
uses-permission#com.android.launcher.permission.READ_SETTINGS
ADDED from AndroidManifest.xml:41:5
	android:name
		ADDED from AndroidManifest.xml:41:22
uses-permission#android.permission.BROADCAST_STICKY
ADDED from AndroidManifest.xml:42:5
	android:name
		ADDED from AndroidManifest.xml:42:22
uses-permission#android.permission.WRITE_SETTINGS
ADDED from AndroidManifest.xml:43:5
	android:name
		ADDED from AndroidManifest.xml:43:22
uses-permission#android.permission.WAKE_LOCK
ADDED from AndroidManifest.xml:45:5
	android:name
		ADDED from AndroidManifest.xml:45:22
uses-permission#android.permission.READ_CONTACTS
ADDED from AndroidManifest.xml:47:5
	android:name
		ADDED from AndroidManifest.xml:47:22
uses-permission#android.permission.RECEIVE_SMS
ADDED from AndroidManifest.xml:48:5
	android:name
		ADDED from AndroidManifest.xml:48:22
uses-permission#android.permission.GET_TASKS
ADDED from AndroidManifest.xml:49:5
	android:name
		ADDED from AndroidManifest.xml:49:22
uses-permission#android.permission.VIBRATE
ADDED from AndroidManifest.xml:51:5
	android:name
		ADDED from AndroidManifest.xml:51:22
uses-permission#android.permission.RECORD_AUDIO
ADDED from AndroidManifest.xml:52:5
	android:name
		ADDED from AndroidManifest.xml:52:22
uses-permission#android.permission.MODIFY_AUDIO_SETTINGS
ADDED from AndroidManifest.xml:54:5
	android:name
		ADDED from AndroidManifest.xml:54:22
application
ADDED from AndroidManifest.xml:56:5
	android:label
		ADDED from AndroidManifest.xml:60:9
	android:allowBackup
		ADDED from AndroidManifest.xml:58:9
	android:icon
		ADDED from AndroidManifest.xml:59:9
	android:theme
		ADDED from AndroidManifest.xml:61:9
	android:name
		ADDED from AndroidManifest.xml:57:9
activity#com.zmyh.r.main.MainActivity
ADDED from AndroidManifest.xml:62:9
	android:screenOrientation
		ADDED from AndroidManifest.xml:65:13
	android:label
		ADDED from AndroidManifest.xml:64:13
	android:windowSoftInputMode
		ADDED from AndroidManifest.xml:66:13
	android:name
		ADDED from AndroidManifest.xml:63:13
intent-filter#android.intent.action.MAIN+android.intent.category.LAUNCHER
ADDED from AndroidManifest.xml:67:13
action#android.intent.action.MAIN
ADDED from AndroidManifest.xml:68:17
	android:name
		ADDED from AndroidManifest.xml:68:25
category#android.intent.category.LAUNCHER
ADDED from AndroidManifest.xml:70:17
	android:name
		ADDED from AndroidManifest.xml:70:27
activity#com.zmyh.r.main.CodeActivity
ADDED from AndroidManifest.xml:73:9
	android:screenOrientation
		ADDED from AndroidManifest.xml:75:13
	android:name
		ADDED from AndroidManifest.xml:74:13
activity#com.zmyh.r.main.SandEmphasisActivity
ADDED from AndroidManifest.xml:77:9
	android:screenOrientation
		ADDED from AndroidManifest.xml:79:13
	android:windowSoftInputMode
		ADDED from AndroidManifest.xml:80:13
	android:name
		ADDED from AndroidManifest.xml:78:13
activity#com.zmyh.r.main.SandMuActivity
ADDED from AndroidManifest.xml:82:9
	android:screenOrientation
		ADDED from AndroidManifest.xml:84:13
	android:windowSoftInputMode
		ADDED from AndroidManifest.xml:85:13
	android:name
		ADDED from AndroidManifest.xml:83:13
activity#com.zmyh.r.main.SandQGEmphasisActivity
ADDED from AndroidManifest.xml:87:9
	android:screenOrientation
		ADDED from AndroidManifest.xml:89:13
	android:windowSoftInputMode
		ADDED from AndroidManifest.xml:90:13
	android:name
		ADDED from AndroidManifest.xml:88:13
activity#com.zmyh.r.seek.SeekActivity
ADDED from AndroidManifest.xml:92:9
	android:screenOrientation
		ADDED from AndroidManifest.xml:94:13
	android:windowSoftInputMode
		ADDED from AndroidManifest.xml:95:13
	android:name
		ADDED from AndroidManifest.xml:93:13
activity#com.zmyh.r.camera.CameraActivity
ADDED from AndroidManifest.xml:97:9
	android:screenOrientation
		ADDED from AndroidManifest.xml:100:13
	android:theme
		ADDED from AndroidManifest.xml:99:13
	android:name
		ADDED from AndroidManifest.xml:98:13
activity#com.zmyh.r.photo.PhotoActivity
ADDED from AndroidManifest.xml:102:9
	android:screenOrientation
		ADDED from AndroidManifest.xml:104:13
	android:name
		ADDED from AndroidManifest.xml:103:13
activity#com.zmyh.r.photo.ParticularActivity
ADDED from AndroidManifest.xml:106:9
	android:screenOrientation
		ADDED from AndroidManifest.xml:108:13
	android:windowSoftInputMode
		ADDED from AndroidManifest.xml:109:13
	android:name
		ADDED from AndroidManifest.xml:107:13
activity#com.zmyh.r.photo.AppImageActivity
ADDED from AndroidManifest.xml:111:9
	android:screenOrientation
		ADDED from AndroidManifest.xml:113:13
	android:name
		ADDED from AndroidManifest.xml:112:13
activity#com.zmyh.r.photo.ImageListAcitvity
ADDED from AndroidManifest.xml:115:9
	android:screenOrientation
		ADDED from AndroidManifest.xml:117:13
	android:name
		ADDED from AndroidManifest.xml:116:13
activity#com.zmyh.r.photo.NewTroopActivity
ADDED from AndroidManifest.xml:119:9
	android:screenOrientation
		ADDED from AndroidManifest.xml:121:13
	android:windowSoftInputMode
		ADDED from AndroidManifest.xml:122:13
	android:name
		ADDED from AndroidManifest.xml:120:13
activity#com.zmyh.r.photo.FormActivity
ADDED from AndroidManifest.xml:124:9
	android:screenOrientation
		ADDED from AndroidManifest.xml:126:13
	android:name
		ADDED from AndroidManifest.xml:125:13
activity#com.zmyh.r.seek.SeekPhoneActivity
ADDED from AndroidManifest.xml:128:9
	android:screenOrientation
		ADDED from AndroidManifest.xml:130:13
	android:windowSoftInputMode
		ADDED from AndroidManifest.xml:131:13
	android:name
		ADDED from AndroidManifest.xml:129:13
activity#com.zmyh.r.photo.ShareTroopActivity
ADDED from AndroidManifest.xml:133:9
	android:screenOrientation
		ADDED from AndroidManifest.xml:135:13
	android:windowSoftInputMode
		ADDED from AndroidManifest.xml:136:13
	android:name
		ADDED from AndroidManifest.xml:134:13
activity#com.zmyh.r.baidumap.BaiduMapActivity
ADDED from AndroidManifest.xml:138:9
	android:screenOrientation
		ADDED from AndroidManifest.xml:140:13
	android:name
		ADDED from AndroidManifest.xml:139:13
activity#com.zmyh.r.baidumap.TreeMapActivity
ADDED from AndroidManifest.xml:142:9
	android:screenOrientation
		ADDED from AndroidManifest.xml:144:13
	android:name
		ADDED from AndroidManifest.xml:143:13
activity#com.zmyh.r.baidumap.TreeMapActivityV2
ADDED from AndroidManifest.xml:146:9
	android:screenOrientation
		ADDED from AndroidManifest.xml:148:13
	android:name
		ADDED from AndroidManifest.xml:147:13
activity#com.zmyh.r.main.forum.ForumContentActivity
ADDED from AndroidManifest.xml:149:9
	android:screenOrientation
		ADDED from AndroidManifest.xml:151:13
	android:windowSoftInputMode
		ADDED from AndroidManifest.xml:152:13
	android:name
		ADDED from AndroidManifest.xml:150:13
activity#com.zmyh.r.main.forum.ShareForumActivity
ADDED from AndroidManifest.xml:154:9
	android:screenOrientation
		ADDED from AndroidManifest.xml:156:13
	android:windowSoftInputMode
		ADDED from AndroidManifest.xml:157:13
	android:name
		ADDED from AndroidManifest.xml:155:13
activity#com.zmyh.r.main.forum.SeekForumActivity
ADDED from AndroidManifest.xml:159:9
	android:screenOrientation
		ADDED from AndroidManifest.xml:161:13
	android:name
		ADDED from AndroidManifest.xml:160:13
activity#com.zmyh.r.main.people.TagActivity
ADDED from AndroidManifest.xml:163:9
	android:screenOrientation
		ADDED from AndroidManifest.xml:165:13
	android:name
		ADDED from AndroidManifest.xml:164:13
activity#com.zmyh.r.main.people.SeekPeopleActivity
ADDED from AndroidManifest.xml:167:9
	android:screenOrientation
		ADDED from AndroidManifest.xml:169:13
	android:name
		ADDED from AndroidManifest.xml:168:13
activity#com.zmyh.r.main.people.SeekPeopleV2Activity
ADDED from AndroidManifest.xml:171:9
	android:screenOrientation
		ADDED from AndroidManifest.xml:173:13
	android:name
		ADDED from AndroidManifest.xml:172:13
activity#com.zmyh.r.main.people.PeopleContentActivity
ADDED from AndroidManifest.xml:175:9
	android:screenOrientation
		ADDED from AndroidManifest.xml:177:13
	android:windowSoftInputMode
		ADDED from AndroidManifest.xml:178:13
	android:name
		ADDED from AndroidManifest.xml:176:13
activity#com.zmyh.r.choise.ImgFileListActivity
ADDED from AndroidManifest.xml:180:9
	android:screenOrientation
		ADDED from AndroidManifest.xml:182:13
	android:name
		ADDED from AndroidManifest.xml:181:13
activity#com.zmyh.r.choise.ImgListActivity
ADDED from AndroidManifest.xml:184:9
	android:screenOrientation
		ADDED from AndroidManifest.xml:186:13
	android:name
		ADDED from AndroidManifest.xml:185:13
activity#com.zmyh.r.choise.ChoiseImageListActivity
ADDED from AndroidManifest.xml:188:9
	android:screenOrientation
		ADDED from AndroidManifest.xml:190:13
	android:name
		ADDED from AndroidManifest.xml:189:13
activity#com.zmyh.r.main.user.RegisterActivity
ADDED from AndroidManifest.xml:192:9
	android:screenOrientation
		ADDED from AndroidManifest.xml:194:13
	android:windowSoftInputMode
		ADDED from AndroidManifest.xml:195:13
	android:name
		ADDED from AndroidManifest.xml:193:13
activity#com.zmyh.r.main.user.RegisterActivityV2
ADDED from AndroidManifest.xml:197:9
	android:screenOrientation
		ADDED from AndroidManifest.xml:199:13
	android:windowSoftInputMode
		ADDED from AndroidManifest.xml:200:13
	android:name
		ADDED from AndroidManifest.xml:198:13
activity#com.zmyh.r.main.user.VerifyActivity
ADDED from AndroidManifest.xml:202:9
	android:screenOrientation
		ADDED from AndroidManifest.xml:204:13
	android:windowSoftInputMode
		ADDED from AndroidManifest.xml:205:13
	android:name
		ADDED from AndroidManifest.xml:203:13
activity#com.zmyh.r.main.user.LoginActivity
ADDED from AndroidManifest.xml:207:9
	android:screenOrientation
		ADDED from AndroidManifest.xml:209:13
	android:windowSoftInputMode
		ADDED from AndroidManifest.xml:210:13
	android:name
		ADDED from AndroidManifest.xml:208:13
activity#com.zmyh.r.main.user.UserSetingActivity
ADDED from AndroidManifest.xml:212:9
	android:screenOrientation
		ADDED from AndroidManifest.xml:214:13
	android:name
		ADDED from AndroidManifest.xml:213:13
activity#com.zmyh.r.main.user.UserForumActivity
ADDED from AndroidManifest.xml:216:9
	android:screenOrientation
		ADDED from AndroidManifest.xml:218:13
	android:name
		ADDED from AndroidManifest.xml:217:13
activity#com.zmyh.r.main.user.UserSetingActivityV2
ADDED from AndroidManifest.xml:220:9
	android:screenOrientation
		ADDED from AndroidManifest.xml:222:13
	android:windowSoftInputMode
		ADDED from AndroidManifest.xml:223:13
	android:name
		ADDED from AndroidManifest.xml:221:13
activity#com.zmyh.r.main.user.ForgetActivity
ADDED from AndroidManifest.xml:225:9
	android:screenOrientation
		ADDED from AndroidManifest.xml:227:13
	android:windowSoftInputMode
		ADDED from AndroidManifest.xml:228:13
	android:name
		ADDED from AndroidManifest.xml:226:13
activity#com.zmyh.r.main.user.RevampActivity
ADDED from AndroidManifest.xml:230:9
	android:screenOrientation
		ADDED from AndroidManifest.xml:232:13
	android:windowSoftInputMode
		ADDED from AndroidManifest.xml:233:13
	android:name
		ADDED from AndroidManifest.xml:231:13
activity#com.zmyh.r.main.user.PicCompileActivity
ADDED from AndroidManifest.xml:235:9
	android:screenOrientation
		ADDED from AndroidManifest.xml:237:13
	android:name
		ADDED from AndroidManifest.xml:236:13
activity#com.zmyh.r.main.user.UserFavorActivity
ADDED from AndroidManifest.xml:239:9
	android:screenOrientation
		ADDED from AndroidManifest.xml:241:13
	android:name
		ADDED from AndroidManifest.xml:240:13
activity#com.zmyh.r.main.user.UserMessageActivity
ADDED from AndroidManifest.xml:243:9
	android:screenOrientation
		ADDED from AndroidManifest.xml:245:13
	android:name
		ADDED from AndroidManifest.xml:244:13
activity#com.zmyh.r.main.user.UserPublishActivity
ADDED from AndroidManifest.xml:247:9
	android:screenOrientation
		ADDED from AndroidManifest.xml:249:13
	android:name
		ADDED from AndroidManifest.xml:248:13
activity#com.zmyh.r.main.user.AmendActivity
ADDED from AndroidManifest.xml:251:9
	android:screenOrientation
		ADDED from AndroidManifest.xml:253:13
	android:windowSoftInputMode
		ADDED from AndroidManifest.xml:254:13
	android:name
		ADDED from AndroidManifest.xml:252:13
activity#com.zmyh.r.main.user.AmendQGActivity
ADDED from AndroidManifest.xml:256:9
	android:screenOrientation
		ADDED from AndroidManifest.xml:258:13
	android:windowSoftInputMode
		ADDED from AndroidManifest.xml:259:13
	android:name
		ADDED from AndroidManifest.xml:257:13
activity#com.zmyh.r.main.user.WebMessageActivity
ADDED from AndroidManifest.xml:261:9
	android:screenOrientation
		ADDED from AndroidManifest.xml:263:13
	android:name
		ADDED from AndroidManifest.xml:262:13
activity#com.zmyh.r.main.server.ServerListActivity
ADDED from AndroidManifest.xml:265:9
	android:screenOrientation
		ADDED from AndroidManifest.xml:267:13
	android:name
		ADDED from AndroidManifest.xml:266:13
activity#com.zmyh.r.main.server.ServerContentActivity
ADDED from AndroidManifest.xml:269:9
	android:screenOrientation
		ADDED from AndroidManifest.xml:271:13
	android:windowSoftInputMode
		ADDED from AndroidManifest.xml:272:13
	android:name
		ADDED from AndroidManifest.xml:270:13
activity#com.zmyh.r.main.server.ServerContentNoLoginActivity
ADDED from AndroidManifest.xml:274:9
	android:screenOrientation
		ADDED from AndroidManifest.xml:276:13
	android:windowSoftInputMode
		ADDED from AndroidManifest.xml:277:13
	android:name
		ADDED from AndroidManifest.xml:275:13
activity#com.zmyh.r.main.server.ReportActivity
ADDED from AndroidManifest.xml:279:9
	android:screenOrientation
		ADDED from AndroidManifest.xml:281:13
	android:windowSoftInputMode
		ADDED from AndroidManifest.xml:282:13
	android:name
		ADDED from AndroidManifest.xml:280:13
activity#com.zmyh.r.main.dynamic.DynamicContentActivity
ADDED from AndroidManifest.xml:284:9
	android:screenOrientation
		ADDED from AndroidManifest.xml:286:13
	android:name
		ADDED from AndroidManifest.xml:285:13
activity#com.zmyh.r.city.AreaActivity
ADDED from AndroidManifest.xml:288:9
	android:screenOrientation
		ADDED from AndroidManifest.xml:290:13
	android:name
		ADDED from AndroidManifest.xml:289:13
activity#com.zmyh.r.city.CityActivity
ADDED from AndroidManifest.xml:292:9
	android:screenOrientation
		ADDED from AndroidManifest.xml:294:13
	android:name
		ADDED from AndroidManifest.xml:293:13
activity#com.zmyh.r.seek.SeekDetailActivity
ADDED from AndroidManifest.xml:296:9
	android:screenOrientation
		ADDED from AndroidManifest.xml:298:13
	android:windowSoftInputMode
		ADDED from AndroidManifest.xml:299:13
	android:name
		ADDED from AndroidManifest.xml:297:13
activity#com.zmyh.r.seek.SeekPhotoActivityV2
ADDED from AndroidManifest.xml:301:9
	android:screenOrientation
		ADDED from AndroidManifest.xml:303:13
	android:windowSoftInputMode
		ADDED from AndroidManifest.xml:304:13
	android:name
		ADDED from AndroidManifest.xml:302:13
activity#com.zmyh.r.seek.SeekContentActivity
ADDED from AndroidManifest.xml:306:9
	android:screenOrientation
		ADDED from AndroidManifest.xml:308:13
	android:name
		ADDED from AndroidManifest.xml:307:13
activity#com.zmyh.r.photo.PlayVideoActivity
ADDED from AndroidManifest.xml:310:9
	android:screenOrientation
		ADDED from AndroidManifest.xml:312:13
	android:name
		ADDED from AndroidManifest.xml:311:13
activity#com.zmyh.r.main.server.PayActivity
ADDED from AndroidManifest.xml:314:9
	android:screenOrientation
		ADDED from AndroidManifest.xml:316:13
	android:name
		ADDED from AndroidManifest.xml:315:13
activity#com.zmyh.r.main.server.PayRepairActivity
ADDED from AndroidManifest.xml:317:9
	android:screenOrientation
		ADDED from AndroidManifest.xml:319:13
	android:name
		ADDED from AndroidManifest.xml:318:13
activity#com.zmyh.r.easemob.activitys.ChatActivity
ADDED from AndroidManifest.xml:320:9
	android:screenOrientation
		ADDED from AndroidManifest.xml:323:13
	android:launchMode
		ADDED from AndroidManifest.xml:322:13
	android:windowSoftInputMode
		ADDED from AndroidManifest.xml:325:13
	android:theme
		ADDED from AndroidManifest.xml:324:13
	android:name
		ADDED from AndroidManifest.xml:321:13
activity#com.zmyh.r.easemob.activitys.ShowBigImage
ADDED from AndroidManifest.xml:326:9
	android:screenOrientation
		ADDED from AndroidManifest.xml:328:13
	android:name
		ADDED from AndroidManifest.xml:327:13
activity#com.zmyh.r.easemob.activitys.ContextMenu
ADDED from AndroidManifest.xml:329:9
	android:screenOrientation
		ADDED from AndroidManifest.xml:331:13
	android:name
		ADDED from AndroidManifest.xml:330:13
service#com.zmyh.r.download.DownloadNewAppService
ADDED from AndroidManifest.xml:334:9
	android:name
		ADDED from AndroidManifest.xml:334:18
service#com.zmyh.r.upload.services.UploadService
ADDED from AndroidManifest.xml:335:9
	android:name
		ADDED from AndroidManifest.xml:335:18
intent-filter#com.zmyh.r.UploadService
ADDED from AndroidManifest.xml:336:13
action#com.zmyh.r.UploadService
ADDED from AndroidManifest.xml:337:17
	android:name
		ADDED from AndroidManifest.xml:337:25
service#com.baidu.location.f
ADDED from AndroidManifest.xml:341:9
	android:enabled
		ADDED from AndroidManifest.xml:343:13
	android:process
		ADDED from AndroidManifest.xml:344:13
	android:name
		ADDED from AndroidManifest.xml:342:13
meta-data#com.baidu.lbsapi.API_KEY
ADDED from AndroidManifest.xml:347:9
	android:value
		ADDED from AndroidManifest.xml:349:13
	android:name
		ADDED from AndroidManifest.xml:348:13
meta-data#EASEMOB_APPKEY
ADDED from AndroidManifest.xml:358:9
	android:value
		ADDED from AndroidManifest.xml:360:13
	android:name
		ADDED from AndroidManifest.xml:359:13
service#com.easemob.chat.EMChatService
ADDED from AndroidManifest.xml:362:9
	android:name
		ADDED from AndroidManifest.xml:362:18
receiver#com.easemob.chat.EMMonitorReceiver
ADDED from AndroidManifest.xml:364:9
	android:name
		ADDED from AndroidManifest.xml:364:19
intent-filter#android.intent.action.PACKAGE_REMOVED
ADDED from AndroidManifest.xml:365:13
action#android.intent.action.PACKAGE_REMOVED
ADDED from AndroidManifest.xml:366:17
	android:name
		ADDED from AndroidManifest.xml:366:25
data
ADDED from AndroidManifest.xml:367:17
	android:scheme
		ADDED from AndroidManifest.xml:367:23
intent-filter#android.intent.action.BOOT_COMPLETED+android.intent.action.USER_PRESENT
ADDED from AndroidManifest.xml:369:13
action#android.intent.action.BOOT_COMPLETED
ADDED from AndroidManifest.xml:370:17
	android:name
		ADDED from AndroidManifest.xml:370:25
action#android.intent.action.USER_PRESENT
ADDED from AndroidManifest.xml:371:17
	android:name
		ADDED from AndroidManifest.xml:371:25
receiver#com.easemob.chat.EMGCMBroadcastReceiver
ADDED from AndroidManifest.xml:375:9
	android:exported
		ADDED from AndroidManifest.xml:377:13
	android:permission
		ADDED from AndroidManifest.xml:378:13
	android:name
		ADDED from AndroidManifest.xml:376:13
intent-filter#com.easemob.chatuidemo+com.google.android.c2dm.intent.RECEIVE
ADDED from AndroidManifest.xml:379:13
action#com.google.android.c2dm.intent.RECEIVE
ADDED from AndroidManifest.xml:380:17
	android:name
		ADDED from AndroidManifest.xml:380:25
category#com.easemob.chatuidemo
ADDED from AndroidManifest.xml:381:17
	android:name
		ADDED from AndroidManifest.xml:381:27
service#com.easemob.chat.EMGCMListenerService
ADDED from AndroidManifest.xml:385:9
	android:exported
		ADDED from AndroidManifest.xml:387:13
	android:name
		ADDED from AndroidManifest.xml:386:13
receiver#com.zmyh.r.easemob.receiver.GCMPushBroadCast
ADDED from AndroidManifest.xml:390:9
	android:exported
		ADDED from AndroidManifest.xml:392:13
	android:name
		ADDED from AndroidManifest.xml:391:13
intent-filter#com.easemob.chatuidemo+com.easemob.sdk.push
ADDED from AndroidManifest.xml:393:13
action#com.easemob.sdk.push
ADDED from AndroidManifest.xml:394:17
	android:name
		ADDED from AndroidManifest.xml:394:25